22:51:26.445 [main] INFO  basicsFiles.browsers - Driver is initialized
22:51:31.745 [main] INFO  basicsFiles.browsers - Page is open
22:51:33.342 [main] INFO  basicsFiles.browsers - User on sigh in page
22:51:36.156 [main] INFO  basicsFiles.browsers - User put valid email and unvalid password
22:54:25.438 [main] INFO  basicsFiles.browsers - Driver is initialized
22:54:28.735 [main] INFO  basicsFiles.browsers - Page is open
22:54:30.037 [main] INFO  basicsFiles.browsers - User on sigh in page
22:54:32.653 [main] INFO  basicsFiles.browsers - User put valid email and unvalid password
22:56:58.710 [main] INFO  basicsFiles.browsers - Driver is initialized
22:57:05.738 [main] INFO  basicsFiles.browsers - Page is open
22:57:07.051 [main] INFO  basicsFiles.browsers - User on sigh in page
22:57:09.565 [main] INFO  basicsFiles.browsers - User put valid email and unvalid password
23:00:23.429 [main] INFO  basicsFiles.browsers - Driver is initialized
23:00:28.475 [main] INFO  basicsFiles.browsers - Page is open
23:00:29.828 [main] INFO  basicsFiles.browsers - User on sigh in page
23:00:32.256 [main] INFO  basicsFiles.browsers - User put valid email and unvalid password
13:10:41.336 [main] INFO  basicsFiles.browsers - Driver is initialized
13:10:48.693 [main] INFO  basicsFiles.browsers - Page is open
13:10:50.652 [main] INFO  basicsFiles.browsers - User on sigh in page
13:10:52.399 [main] INFO  basicsFiles.browsers - User put valid email and unvalid password
13:10:52.458 [main] INFO  basicsFiles.browsers - Login with valid username and unvalid password
13:10:54.792 [main] INFO  basicsFiles.browsers - Test is completed
13:11:22.609 [main] INFO  basicsFiles.browsers - Driver is initialized
13:11:29.133 [main] INFO  basicsFiles.browsers - Page is open
13:11:31.912 [main] INFO  basicsFiles.browsers - User on sigh in page
13:11:34.914 [main] INFO  basicsFiles.browsers - User put valid email and unvalid password
13:22:18.052 [main] INFO  basicsFiles.browsers - Driver is initialized
13:22:23.556 [main] INFO  basicsFiles.browsers - User on sigh in page
13:22:24.834 [main] INFO  basicsFiles.browsers - User put valid email and unvalid password
13:22:24.951 [main] INFO  basicsFiles.browsers - Login with valid username and unvalid password
13:22:27.045 [main] INFO  basicsFiles.browsers - Test is completed
13:28:51.249 [main] INFO  basicsFiles.browsers - Driver is initialized
13:28:55.837 [main] INFO  basicsFiles.browsers - User on sigh in page
13:28:57.030 [main] INFO  basicsFiles.browsers - User put valid email and unvalid password
13:28:57.084 [main] INFO  basicsFiles.browsers - Login with valid username and unvalid password
13:28:59.404 [main] INFO  basicsFiles.browsers - Test is completed
13:29:28.949 [main] INFO  basicsFiles.browsers - Driver is initialized
13:29:36.715 [main] INFO  basicsFiles.browsers - User on sigh in page
13:29:37.938 [main] INFO  basicsFiles.browsers - User put valid email and unvalid password
13:29:37.993 [main] INFO  basicsFiles.browsers - Login with valid username and unvalid password
13:29:40.315 [main] INFO  basicsFiles.browsers - Test is completed
13:30:46.589 [main] INFO  basicsFiles.browsers - Driver is initialized
13:30:51.378 [main] INFO  basicsFiles.browsers - User on sigh in page
13:30:52.682 [main] INFO  basicsFiles.browsers - User put valid email and unvalid password
13:30:52.736 [main] INFO  basicsFiles.browsers - Login with valid username and unvalid password
13:30:55.056 [main] INFO  basicsFiles.browsers - Test is completed
13:32:34.434 [main] INFO  basicsFiles.browsers - Driver is initialized
13:32:38.998 [main] INFO  basicsFiles.browsers - User on sigh in page
13:32:40.287 [main] INFO  basicsFiles.browsers - User put valid email and unvalid password
13:32:40.341 [main] INFO  basicsFiles.browsers - Login with valid username and unvalid password
13:32:42.662 [main] INFO  basicsFiles.browsers - Test is completed
14:18:40.670 [main] INFO  basicsFiles.browsers - Driver is initialized
14:18:46.358 [main] INFO  basicsFiles.browsers - User on sigh in page
14:18:48.716 [main] INFO  basicsFiles.browsers - Test is completed
17:45:57.253 [main] INFO  basicsFiles.browsers - Driver is initialized
17:46:01.656 [main] INFO  basicsFiles.browsers - User on sigh in page
17:46:04.014 [main] INFO  basicsFiles.browsers - Test is completed
18:14:21.393 [main] INFO  basicsFiles.browsers - Driver is initialized
18:14:29.207 [main] INFO  basicsFiles.browsers - User on sigh in page
18:14:30.476 [main] INFO  basicsFiles.browsers - User put valid email and unvalid password
18:14:30.534 [main] INFO  basicsFiles.browsers - Login with valid username and unvalid password
18:14:32.855 [main] INFO  basicsFiles.browsers - Test is completed
18:37:45.014 [main] INFO  basicsFiles.browsers - Driver is initialized
18:37:50.093 [main] INFO  basicsFiles.browsers - User on sigh in page
18:37:51.484 [main] INFO  basicsFiles.browsers - User put valid email and unvalid password
18:37:51.556 [main] INFO  basicsFiles.browsers - Login with valid username and unvalid password
18:37:53.915 [main] INFO  basicsFiles.browsers - Test is completed
18:46:30.030 [main] INFO  basicsFiles.browsers - Driver is initialized
18:46:34.339 [main] INFO  basicsFiles.browsers - User on sigh in page
18:46:35.865 [main] INFO  basicsFiles.browsers - User put valid email and unvalid password
18:46:35.924 [main] INFO  basicsFiles.browsers - Login with valid username and unvalid password
18:46:38.286 [main] INFO  basicsFiles.browsers - Test is completed
18:50:26.949 [main] INFO  basicsFiles.browsers - Driver is initialized
18:50:33.771 [main] INFO  basicsFiles.browsers - User on sigh in page
18:50:35.126 [main] INFO  basicsFiles.browsers - User put valid email and unvalid password
18:50:35.224 [main] INFO  basicsFiles.browsers - Login with valid username and unvalid password
18:50:37.347 [main] INFO  basicsFiles.browsers - Test is completed
18:52:33.021 [main] INFO  basicsFiles.browsers - Driver is initialized
18:52:38.470 [main] INFO  basicsFiles.browsers - User on sigh in page
18:52:40.618 [main] INFO  basicsFiles.browsers - User put valid email and unvalid password
18:52:40.721 [main] INFO  basicsFiles.browsers - Login with valid username and unvalid password
18:52:43.068 [main] INFO  basicsFiles.browsers - Test is completed
